2026-02-13 02:21:30,285 INFO: Application started [in D:\Pycharm_idea_2025\DyLiveStreamingAssistant\temps\BI_demo\app.py:49]
2026-02-13 02:21:30,383 INFO: Database already contains data, skipping import. [in D:\Pycharm_idea_2025\DyLiveStreamingAssistant\temps\BI_demo\app.py:839]
2026-02-13 02:21:32,494 INFO: Application started [in D:\Pycharm_idea_2025\DyLiveStreamingAssistant\temps\BI_demo\app.py:49]
2026-02-13 02:21:32,599 INFO: Database already contains data, skipping import. [in D:\Pycharm_idea_2025\DyLiveStreamingAssistant\temps\BI_demo\app.py:839]
2026-02-13 02:24:51,566 INFO: Application started [in D:\Pycharm_idea_2025\DyLiveStreamingAssistant\temps\BI_demo\app.py:49]
2026-02-13 02:24:51,670 INFO: Database already contains data, skipping import. [in D:\Pycharm_idea_2025\DyLiveStreamingAssistant\temps\BI_demo\app.py:723]
2026-02-13 02:29:56,906 INFO: Application started [in D:\Pycharm_idea_2025\DyLiveStreamingAssistant\temps\BI_demo\app.py:49]
2026-02-13 02:29:57,006 INFO: Database already contains data, skipping import. [in D:\Pycharm_idea_2025\DyLiveStreamingAssistant\temps\BI_demo\app.py:723]
2026-02-13 02:30:14,516 INFO: Application started [in D:\Pycharm_idea_2025\DyLiveStreamingAssistant\temps\BI_demo\app.py:49]
2026-02-13 02:30:14,615 INFO: Database already contains data, skipping import. [in D:\Pycharm_idea_2025\DyLiveStreamingAssistant\temps\BI_demo\app.py:723]
2026-02-13 02:30:35,083 INFO: Application started [in D:\Pycharm_idea_2025\DyLiveStreamingAssistant\temps\BI_demo\app.py:49]
2026-02-13 02:30:35,178 INFO: Database already contains data, skipping import. [in D:\Pycharm_idea_2025\DyLiveStreamingAssistant\temps\BI_demo\app.py:723]
2026-02-13 02:30:49,132 INFO: Application started [in D:\Pycharm_idea_2025\DyLiveStreamingAssistant\temps\BI_demo\app.py:49]
2026-02-13 02:30:49,228 INFO: Database already contains data, skipping import. [in D:\Pycharm_idea_2025\DyLiveStreamingAssistant\temps\BI_demo\app.py:723]
2026-02-13 02:30:51,468 INFO: Application started [in D:\Pycharm_idea_2025\DyLiveStreamingAssistant\temps\BI_demo\app.py:49]
2026-02-13 02:30:51,581 INFO: Database already contains data, skipping import. [in D:\Pycharm_idea_2025\DyLiveStreamingAssistant\temps\BI_demo\app.py:723]
2026-02-13 02:37:16,935 INFO: Application started [in D:\Pycharm_idea_2025\DyLiveStreamingAssistant\temps\BI_demo\app.py:49]
2026-02-13 02:37:17,039 INFO: Database already contains data, skipping import. [in D:\Pycharm_idea_2025\DyLiveStreamingAssistant\temps\BI_demo\app.py:731]
2026-02-13 02:37:17,327 INFO: Application started [in D:\Pycharm_idea_2025\DyLiveStreamingAssistant\temps\BI_demo\app.py:49]
2026-02-13 02:37:17,438 INFO: Database already contains data, skipping import. [in D:\Pycharm_idea_2025\DyLiveStreamingAssistant\temps\BI_demo\app.py:731]
2026-02-13 02:37:20,842 INFO: Application started [in D:\Pycharm_idea_2025\DyLiveStreamingAssistant\temps\BI_demo\app.py:49]
2026-02-13 02:37:20,938 INFO: Database already contains data, skipping import. [in D:\Pycharm_idea_2025\DyLiveStreamingAssistant\temps\BI_demo\app.py:731]
2026-02-13 02:37:23,031 INFO: Application started [in D:\Pycharm_idea_2025\DyLiveStreamingAssistant\temps\BI_demo\app.py:49]
2026-02-13 02:37:23,126 INFO: Database already contains data, skipping import. [in D:\Pycharm_idea_2025\DyLiveStreamingAssistant\temps\BI_demo\app.py:731]
2026-02-13 02:39:54,471 INFO: Application started [in D:\Pycharm_idea_2025\DyLiveStreamingAssistant\temps\BI_demo\app.py:49]
2026-02-13 02:39:54,490 INFO: Application started [in D:\Pycharm_idea_2025\DyLiveStreamingAssistant\temps\BI_demo\app.py:49]
2026-02-13 02:39:54,591 INFO: Database already contains data, skipping import. [in D:\Pycharm_idea_2025\DyLiveStreamingAssistant\temps\BI_demo\app.py:732]
2026-02-13 02:39:54,591 INFO: Database already contains data, skipping import. [in D:\Pycharm_idea_2025\DyLiveStreamingAssistant\temps\BI_demo\app.py:732]
2026-02-13 02:40:10,196 INFO: Application started [in D:\Pycharm_idea_2025\DyLiveStreamingAssistant\temps\BI_demo\app.py:49]
2026-02-13 02:40:10,199 INFO: Application started [in D:\Pycharm_idea_2025\DyLiveStreamingAssistant\temps\BI_demo\app.py:49]
2026-02-13 02:40:10,306 INFO: Database already contains data, skipping import. [in D:\Pycharm_idea_2025\DyLiveStreamingAssistant\temps\BI_demo\app.py:733]
2026-02-13 02:40:10,308 INFO: Database already contains data, skipping import. [in D:\Pycharm_idea_2025\DyLiveStreamingAssistant\temps\BI_demo\app.py:733]
2026-02-13 02:40:22,897 INFO: Application started [in D:\Pycharm_idea_2025\DyLiveStreamingAssistant\temps\BI_demo\app.py:49]
2026-02-13 02:40:22,922 INFO: Application started [in D:\Pycharm_idea_2025\DyLiveStreamingAssistant\temps\BI_demo\app.py:49]
2026-02-13 02:40:22,995 INFO: Database already contains data, skipping import. [in D:\Pycharm_idea_2025\DyLiveStreamingAssistant\temps\BI_demo\app.py:734]
2026-02-13 02:40:23,021 INFO: Database already contains data, skipping import. [in D:\Pycharm_idea_2025\DyLiveStreamingAssistant\temps\BI_demo\app.py:734]
2026-02-13 02:40:27,332 INFO: Application started [in D:\Pycharm_idea_2025\DyLiveStreamingAssistant\temps\BI_demo\app.py:49]
2026-02-13 02:40:27,425 INFO: Database already contains data, skipping import. [in D:\Pycharm_idea_2025\DyLiveStreamingAssistant\temps\BI_demo\app.py:734]
2026-02-13 02:40:29,534 INFO: Application started [in D:\Pycharm_idea_2025\DyLiveStreamingAssistant\temps\BI_demo\app.py:49]
2026-02-13 02:40:29,627 INFO: Database already contains data, skipping import. [in D:\Pycharm_idea_2025\DyLiveStreamingAssistant\temps\BI_demo\app.py:734]
2026-02-13 02:42:19,775 INFO: Application started [in D:\Pycharm_idea_2025\DyLiveStreamingAssistant\temps\BI_demo\app.py:49]
2026-02-13 02:42:19,868 INFO: Database already contains data, skipping import. [in D:\Pycharm_idea_2025\DyLiveStreamingAssistant\temps\BI_demo\app.py:734]
2026-02-13 02:42:21,903 INFO: Application started [in D:\Pycharm_idea_2025\DyLiveStreamingAssistant\temps\BI_demo\app.py:49]
2026-02-13 02:42:21,993 INFO: Database already contains data, skipping import. [in D:\Pycharm_idea_2025\DyLiveStreamingAssistant\temps\BI_demo\app.py:734]
2026-02-13 02:42:37,581 INFO: Application started [in D:\Pycharm_idea_2025\DyLiveStreamingAssistant\temps\BI_demo\app.py:49]
2026-02-13 02:42:37,677 INFO: Database already contains data, skipping import. [in D:\Pycharm_idea_2025\DyLiveStreamingAssistant\temps\BI_demo\app.py:734]
2026-02-13 02:42:39,728 INFO: Application started [in D:\Pycharm_idea_2025\DyLiveStreamingAssistant\temps\BI_demo\app.py:49]
2026-02-13 02:42:39,825 INFO: Database already contains data, skipping import. [in D:\Pycharm_idea_2025\DyLiveStreamingAssistant\temps\BI_demo\app.py:734]
2026-02-13 02:44:13,190 INFO: Application started [in D:\Pycharm_idea_2025\DyLiveStreamingAssistant\temps\BI_demo\app.py:49]
2026-02-13 02:44:13,291 INFO: Database already contains data, skipping import. [in D:\Pycharm_idea_2025\DyLiveStreamingAssistant\temps\BI_demo\app.py:744]
2026-02-13 02:44:13,378 INFO: Application started [in D:\Pycharm_idea_2025\DyLiveStreamingAssistant\temps\BI_demo\app.py:49]
2026-02-13 02:44:13,478 INFO: Database already contains data, skipping import. [in D:\Pycharm_idea_2025\DyLiveStreamingAssistant\temps\BI_demo\app.py:744]
2026-02-13 02:44:13,845 INFO: Application started [in D:\Pycharm_idea_2025\DyLiveStreamingAssistant\temps\BI_demo\app.py:49]
2026-02-13 02:44:13,938 INFO: Database already contains data, skipping import. [in D:\Pycharm_idea_2025\DyLiveStreamingAssistant\temps\BI_demo\app.py:744]
2026-02-13 02:44:18,743 INFO: Application started [in D:\Pycharm_idea_2025\DyLiveStreamingAssistant\temps\BI_demo\app.py:49]
2026-02-13 02:44:18,840 INFO: Database already contains data, skipping import. [in D:\Pycharm_idea_2025\DyLiveStreamingAssistant\temps\BI_demo\app.py:744]
2026-02-13 02:44:20,930 INFO: Application started [in D:\Pycharm_idea_2025\DyLiveStreamingAssistant\temps\BI_demo\app.py:49]
2026-02-13 02:44:21,026 INFO: Database already contains data, skipping import. [in D:\Pycharm_idea_2025\DyLiveStreamingAssistant\temps\BI_demo\app.py:744]
2026-02-13 02:44:44,256 INFO: Current pathname: /dashboard/system [in D:\Pycharm_idea_2025\DyLiveStreamingAssistant\temps\BI_demo\app.py:99]
2026-02-13 02:44:44,263 INFO: Rendering system management page [in D:\Pycharm_idea_2025\DyLiveStreamingAssistant\temps\BI_demo\app.py:111]
2026-02-13 02:44:53,059 INFO: Current pathname: /dashboard/ads [in D:\Pycharm_idea_2025\DyLiveStreamingAssistant\temps\BI_demo\app.py:99]
2026-02-13 02:44:53,061 INFO: Rendering ad analysis page [in D:\Pycharm_idea_2025\DyLiveStreamingAssistant\temps\BI_demo\app.py:108]
2026-02-13 02:44:57,238 INFO: Current pathname: /dashboard/ads [in D:\Pycharm_idea_2025\DyLiveStreamingAssistant\temps\BI_demo\app.py:99]
2026-02-13 02:44:57,241 INFO: Rendering ad analysis page [in D:\Pycharm_idea_2025\DyLiveStreamingAssistant\temps\BI_demo\app.py:108]
2026-02-13 02:44:59,678 INFO: Current pathname: /dashboard/products [in D:\Pycharm_idea_2025\DyLiveStreamingAssistant\temps\BI_demo\app.py:99]
2026-02-13 02:44:59,681 INFO: Rendering product analysis page [in D:\Pycharm_idea_2025\DyLiveStreamingAssistant\temps\BI_demo\app.py:114]
2026-02-13 02:45:02,202 INFO: Current pathname: /dashboard/products [in D:\Pycharm_idea_2025\DyLiveStreamingAssistant\temps\BI_demo\app.py:99]
2026-02-13 02:45:02,206 INFO: Rendering product analysis page [in D:\Pycharm_idea_2025\DyLiveStreamingAssistant\temps\BI_demo\app.py:114]
2026-02-13 02:45:05,398 INFO: Current pathname: /dashboard/users [in D:\Pycharm_idea_2025\DyLiveStreamingAssistant\temps\BI_demo\app.py:99]
2026-02-13 02:45:05,401 INFO: Rendering user analysis page [in D:\Pycharm_idea_2025\DyLiveStreamingAssistant\temps\BI_demo\app.py:105]
2026-02-13 02:45:07,328 INFO: Current pathname: /dashboard/users [in D:\Pycharm_idea_2025\DyLiveStreamingAssistant\temps\BI_demo\app.py:99]
2026-02-13 02:45:07,332 INFO: Rendering user analysis page [in D:\Pycharm_idea_2025\DyLiveStreamingAssistant\temps\BI_demo\app.py:105]
2026-02-13 02:48:14,646 INFO: Application started [in D:\Pycharm_idea_2025\DyLiveStreamingAssistant\temps\BI_demo\app.py:49]
2026-02-13 02:48:14,743 INFO: Database already contains data, skipping import. [in D:\Pycharm_idea_2025\DyLiveStreamingAssistant\temps\BI_demo\app.py:744]
2026-02-13 02:48:16,914 INFO: Application started [in D:\Pycharm_idea_2025\DyLiveStreamingAssistant\temps\BI_demo\app.py:49]
2026-02-13 02:48:17,022 INFO: Database already contains data, skipping import. [in D:\Pycharm_idea_2025\DyLiveStreamingAssistant\temps\BI_demo\app.py:744]
2026-02-13 02:50:15,095 INFO: Current pathname: /dashboard/ [in D:\Pycharm_idea_2025\DyLiveStreamingAssistant\temps\BI_demo\app.py:99]
2026-02-13 02:50:15,098 INFO: Rendering dashboard page [in D:\Pycharm_idea_2025\DyLiveStreamingAssistant\temps\BI_demo\app.py:117]
2026-02-13 02:50:20,398 INFO: Current pathname: /dashboard/products [in D:\Pycharm_idea_2025\DyLiveStreamingAssistant\temps\BI_demo\app.py:99]
2026-02-13 02:50:20,400 INFO: Rendering product analysis page [in D:\Pycharm_idea_2025\DyLiveStreamingAssistant\temps\BI_demo\app.py:114]
2026-02-13 02:50:22,521 INFO: Current pathname: /dashboard/system [in D:\Pycharm_idea_2025\DyLiveStreamingAssistant\temps\BI_demo\app.py:99]
2026-02-13 02:50:22,522 INFO: Rendering system management page [in D:\Pycharm_idea_2025\DyLiveStreamingAssistant\temps\BI_demo\app.py:111]
2026-02-13 02:50:24,245 INFO: Current pathname: /dashboard/users [in D:\Pycharm_idea_2025\DyLiveStreamingAssistant\temps\BI_demo\app.py:99]
2026-02-13 02:50:24,246 INFO: Rendering user analysis page [in D:\Pycharm_idea_2025\DyLiveStreamingAssistant\temps\BI_demo\app.py:105]
2026-02-13 02:53:47,921 INFO: Application started [in D:\Pycharm_idea_2025\DyLiveStreamingAssistant\temps\BI_demo\app.py:50]
2026-02-13 02:53:48,018 INFO: Database already contains data, skipping import. [in D:\Pycharm_idea_2025\DyLiveStreamingAssistant\temps\BI_demo\app.py:661]
2026-02-13 02:59:44,433 INFO: Application started [in D:\Pycharm_idea_2025\DyLiveStreamingAssistant\temps\BI_demo\app.py:50]
2026-02-13 02:59:44,534 INFO: Database already contains data, skipping import. [in D:\Pycharm_idea_2025\DyLiveStreamingAssistant\temps\BI_demo\app.py:666]
2026-02-13 02:59:56,875 INFO: Application started [in D:\Pycharm_idea_2025\DyLiveStreamingAssistant\temps\BI_demo\app.py:50]
2026-02-13 02:59:56,970 INFO: Database already contains data, skipping import. [in D:\Pycharm_idea_2025\DyLiveStreamingAssistant\temps\BI_demo\app.py:666]
2026-02-13 02:59:59,050 INFO: Application started [in D:\Pycharm_idea_2025\DyLiveStreamingAssistant\temps\BI_demo\app.py:50]
2026-02-13 02:59:59,148 INFO: Database already contains data, skipping import. [in D:\Pycharm_idea_2025\DyLiveStreamingAssistant\temps\BI_demo\app.py:666]
2026-02-13 03:00:23,865 INFO: Application started [in D:\Pycharm_idea_2025\DyLiveStreamingAssistant\temps\BI_demo\app.py:50]
2026-02-13 03:00:23,983 INFO: Database already contains data, skipping import. [in D:\Pycharm_idea_2025\DyLiveStreamingAssistant\temps\BI_demo\app.py:668]
2026-02-13 03:00:24,428 INFO: Application started [in D:\Pycharm_idea_2025\DyLiveStreamingAssistant\temps\BI_demo\app.py:50]
2026-02-13 03:00:24,592 INFO: Database already contains data, skipping import. [in D:\Pycharm_idea_2025\DyLiveStreamingAssistant\temps\BI_demo\app.py:668]
2026-02-13 03:00:38,704 INFO: Application started [in D:\Pycharm_idea_2025\DyLiveStreamingAssistant\temps\BI_demo\app.py:50]
2026-02-13 03:00:38,806 INFO: Database already contains data, skipping import. [in D:\Pycharm_idea_2025\DyLiveStreamingAssistant\temps\BI_demo\app.py:668]
2026-02-13 03:00:40,945 INFO: Application started [in D:\Pycharm_idea_2025\DyLiveStreamingAssistant\temps\BI_demo\app.py:50]
2026-02-13 03:00:41,045 INFO: Database already contains data, skipping import. [in D:\Pycharm_idea_2025\DyLiveStreamingAssistant\temps\BI_demo\app.py:668]
2026-02-13 03:02:34,154 INFO: Application started [in D:\Pycharm_idea_2025\DyLiveStreamingAssistant\temps\BI_demo\app.py:50]
2026-02-13 03:02:34,255 INFO: Database already contains data, skipping import. [in D:\Pycharm_idea_2025\DyLiveStreamingAssistant\temps\BI_demo\app.py:668]
2026-02-13 03:02:36,448 INFO: Application started [in D:\Pycharm_idea_2025\DyLiveStreamingAssistant\temps\BI_demo\app.py:50]
2026-02-13 03:02:36,550 INFO: Database already contains data, skipping import. [in D:\Pycharm_idea_2025\DyLiveStreamingAssistant\temps\BI_demo\app.py:668]
2026-02-13 03:02:53,090 INFO: Application started [in D:\Pycharm_idea_2025\DyLiveStreamingAssistant\temps\BI_demo\app.py:50]
2026-02-13 03:02:53,191 INFO: Database already contains data, skipping import. [in D:\Pycharm_idea_2025\DyLiveStreamingAssistant\temps\BI_demo\app.py:668]
2026-02-13 03:02:55,263 INFO: Application started [in D:\Pycharm_idea_2025\DyLiveStreamingAssistant\temps\BI_demo\app.py:50]
2026-02-13 03:02:55,362 INFO: Database already contains data, skipping import. [in D:\Pycharm_idea_2025\DyLiveStreamingAssistant\temps\BI_demo\app.py:668]
2026-02-13 03:04:28,379 INFO: Application started [in D:\Pycharm_idea_2025\DyLiveStreamingAssistant\temps\BI_demo\app.py:50]
2026-02-13 03:04:28,491 INFO: Database already contains data, skipping import. [in D:\Pycharm_idea_2025\DyLiveStreamingAssistant\temps\BI_demo\app.py:668]
2026-02-13 03:04:30,708 INFO: Application started [in D:\Pycharm_idea_2025\DyLiveStreamingAssistant\temps\BI_demo\app.py:50]
2026-02-13 03:04:30,820 INFO: Database already contains data, skipping import. [in D:\Pycharm_idea_2025\DyLiveStreamingAssistant\temps\BI_demo\app.py:668]
2026-02-13 03:11:06,498 INFO: Application started [in D:\Pycharm_idea_2025\DyLiveStreamingAssistant\temps\BI_demo\app.py:50]
2026-02-13 03:11:06,593 INFO: Database already contains data, skipping import. [in D:\Pycharm_idea_2025\DyLiveStreamingAssistant\temps\BI_demo\app.py:668]
2026-02-13 03:11:08,655 INFO: Application started [in D:\Pycharm_idea_2025\DyLiveStreamingAssistant\temps\BI_demo\app.py:50]
2026-02-13 03:11:08,747 INFO: Database already contains data, skipping import. [in D:\Pycharm_idea_2025\DyLiveStreamingAssistant\temps\BI_demo\app.py:668]
2026-02-13 03:11:27,432 INFO: Application started [in D:\Pycharm_idea_2025\DyLiveStreamingAssistant\temps\BI_demo\app.py:50]
2026-02-13 03:11:27,527 INFO: Database already contains data, skipping import. [in D:\Pycharm_idea_2025\DyLiveStreamingAssistant\temps\BI_demo\app.py:668]
2026-02-13 03:11:29,656 INFO: Application started [in D:\Pycharm_idea_2025\DyLiveStreamingAssistant\temps\BI_demo\app.py:50]
2026-02-13 03:11:29,758 INFO: Database already contains data, skipping import. [in D:\Pycharm_idea_2025\DyLiveStreamingAssistant\temps\BI_demo\app.py:668]
2026-02-13 03:17:53,006 INFO: Application started [in D:\Pycharm_idea_2025\DyLiveStreamingAssistant\temps\BI_demo\app.py:50]
2026-02-13 03:17:53,120 INFO: Database already contains data, skipping import. [in D:\Pycharm_idea_2025\DyLiveStreamingAssistant\temps\BI_demo\app.py:668]
2026-02-13 03:17:55,366 INFO: Application started [in D:\Pycharm_idea_2025\DyLiveStreamingAssistant\temps\BI_demo\app.py:50]
2026-02-13 03:17:55,467 INFO: Database already contains data, skipping import. [in D:\Pycharm_idea_2025\DyLiveStreamingAssistant\temps\BI_demo\app.py:668]
2026-02-13 03:19:18,405 INFO: Application started [in D:\Pycharm_idea_2025\DyLiveStreamingAssistant\temps\BI_demo\app.py:50]
2026-02-13 03:19:18,525 INFO: Database already contains data, skipping import. [in D:\Pycharm_idea_2025\DyLiveStreamingAssistant\temps\BI_demo\app.py:668]
2026-02-13 03:19:20,727 INFO: Application started [in D:\Pycharm_idea_2025\DyLiveStreamingAssistant\temps\BI_demo\app.py:50]
2026-02-13 03:19:20,848 INFO: Database already contains data, skipping import. [in D:\Pycharm_idea_2025\DyLiveStreamingAssistant\temps\BI_demo\app.py:668]
